<?xml version="1.0" encoding="UTF-8"?>
<!-- Generated by org.testng.reporters.JUnitReportReporter -->
<testsuite hostname="LAPTOP-IHKMVELS" name="PracticeProject.PracticeScript" tests="1" failures="0" timestamp="29 Oct 2019 03:35:46 GMT" time="31.271" errors="0">
  <testcase name="LoginErrorMessage" time="31.271" classname="PracticeProject.PracticeScript"/>
</testsuite> <!-- PracticeProject.PracticeScript -->
